2018/05/11 13:37:19 INFO D:/go/gopath/src/skinstore/main.go:13 start server ...
2018/05/11 13:42:55 INFO D:/go/gopath/src/skinstore/main.go:13 start server ...
2018/05/11 17:18:09 INFO D:/go/gopath/src/skinstore/main.go:13 start server ...
2018/05/11 17:40:25 INFO D:/go/gopath/src/skinstore/main.go:14 start server ...
2018/05/11 17:40:39 ERROR D:/go/gopath/src/skinstore/web/router/Router.go:29 param:name is not be nil
2018/05/11 17:40:39 INFO D:/go/gopath/src/skinstore/web/server.go:18 name:%!s(<nil>)
2018/05/11 17:40:39 INFO D:/go/gopath/src/skinstore/web/server.go:19 age:%!s(<nil>)
2018/05/11 17:43:19 INFO D:/go/gopath/src/skinstore/main.go:14 start server ...
2018/05/11 17:43:23 ERROR D:/go/gopath/src/skinstore/web/router/Router.go:29 param:name is not be nil
2018/05/11 17:43:34 ERROR D:/go/gopath/src/skinstore/web/router/Router.go:29 param:name is not be nil
2018/05/11 17:46:49 INFO D:/go/gopath/src/skinstore/main.go:14 start server ...
2018/05/11 17:50:27 ERROR D:/go/gopath/src/skinstore/web/router/Router.go:29 param:name is not be nil
2018/05/11 17:50:33 ERROR D:/go/gopath/src/skinstore/web/router/Router.go:29 param:name is not be nil
2018/05/11 17:51:02 INFO D:/go/gopath/src/skinstore/main.go:14 start server ...
2018/05/11 17:52:41 ERROR D:/go/gopath/src/skinstore/web/router/Router.go:29 param:name is not be nil
2018/05/11 17:56:00 INFO D:/go/gopath/src/skinstore/main.go:14 start server ...
2018/05/11 17:56:06 INFO D:/go/gopath/src/skinstore/web/server.go:19 name:cloud
2018/05/11 17:56:06 INFO D:/go/gopath/src/skinstore/web/server.go:20 age:%!s(<nil>)
2018/05/11 17:56:15 INFO D:/go/gopath/src/skinstore/web/server.go:19 name:cloud
2018/05/11 17:56:15 INFO D:/go/gopath/src/skinstore/web/server.go:20 age:23
2018/05/11 18:09:48 INFO D:/go/gopath/src/skinstore/main.go:14 start server ...
2018/05/11 18:09:56 INFO D:/go/gopath/src/skinstore/web/server.go:19 name:cloud
2018/05/11 18:09:56 INFO D:/go/gopath/src/skinstore/web/server.go:20 age:23
2018/05/11 18:10:05 ERROR D:/go/gopath/src/skinstore/web/router/Router.go:30 param:name is not be nil
2018/05/11 18:10:25 INFO D:/go/gopath/src/skinstore/main.go:14 start server ...
2018/05/11 18:11:22 ERROR D:/go/gopath/src/skinstore/web/router/Router.go:30 param:name is not be nil
2018/05/11 18:12:28 ERROR D:/go/gopath/src/skinstore/web/router/Router.go:30 param:name is not be nil
2018/05/11 18:12:47 INFO D:/go/gopath/src/skinstore/main.go:14 start server ...
2018/05/11 18:13:18 INFO D:/go/gopath/src/skinstore/web/server.go:25 name:cloud
2018/05/11 18:13:18 INFO D:/go/gopath/src/skinstore/web/server.go:26 age:%!s(float64=23)
2018/05/11 18:13:31 INFO D:/go/gopath/src/skinstore/web/server.go:25 name:cloud
2018/05/11 18:13:31 INFO D:/go/gopath/src/skinstore/web/server.go:26 age:%!s(float64=23)
2018/05/11 18:13:44 INFO D:/go/gopath/src/skinstore/web/server.go:25 name:cloud
2018/05/11 18:13:44 INFO D:/go/gopath/src/skinstore/web/server.go:26 age:%!s(float64=23)
2018/05/11 18:27:34 INFO D:/go/gopath/src/skinstore/main.go:14 start server ...
2018/05/11 18:27:38 INFO D:/go/gopath/src/skinstore/web/server.go:27 name:cloud
2018/05/11 18:27:38 INFO D:/go/gopath/src/skinstore/web/server.go:28 age:%!s(float64=23)
2018/05/11 20:10:03 INFO D:/go/gopath/src/skinstore/main.go:14 start server ...
2018/05/12 11:33:32 INFO D:/go/gopath/src/skinstore/main.go:14 start server ...
2018/05/12 11:51:37 INFO D:/go/gopath/src/skinstore/main.go:14 start server ...
2018/05/12 11:57:01 INFO D:/go/gopath/src/skinstore/main.go:14 start server ...
2018/05/12 12:10:42 INFO D:/go/gopath/src/skinstore/main.go:14 start server ...
2018/05/12 12:28:12 INFO D:/go/gopath/src/skinstore/main.go:14 start server ...
2018/05/12 14:51:03 INFO D:/go/gopath/src/skinstore/main.go:14 start server ...
2018/05/12 14:52:03 INFO D:/go/gopath/src/skinstore/main.go:14 start server ...
2018/05/12 15:09:59 INFO D:/go/gopath/src/skinstore/main.go:14 start server ...
2018/05/12 15:19:58 INFO D:/go/gopath/src/skinstore/main.go:14 start server ...
2018/05/12 15:33:10 INFO D:/go/gopath/src/skinstore/main.go:14 start server ...
2018/05/12 15:58:16 INFO D:/go/gopath/src/skinstore/main.go:14 start server ...
2018/05/12 16:05:25 INFO D:/go/gopath/src/skinstore/main.go:14 start server ...
2018/05/12 16:07:41 INFO D:/go/gopath/src/skinstore/main.go:14 start server ...
2018/05/12 16:18:33 INFO D:/go/gopath/src/skinstore/main.go:14 start server ...
2018/05/12 16:53:33 INFO D:/go/gopath/src/skinstore/main.go:12 start server ...
2018/05/12 17:13:55 INFO D:/go/gopath/src/skinstore/main.go:12 start server ...
2018/05/12 17:18:08 INFO D:/go/gopath/src/skinstore/main.go:12 start server ...
2018/05/13 13:06:15 INFO D:/go/gopath/src/skinstore/main.go:12 start server ...
2018/05/13 13:36:27 INFO D:/go/gopath/src/skinstore/main.go:12 start server ...
2018/05/13 13:37:49 INFO D:/go/gopath/src/skinstore/main.go:12 start server ...
