2018/05/11 13:35:53 INFO D:/go/gopath/src/skinstore/main.go:13 start server ...
2018/05/12 11:34:09 ERROR D:/go/gopath/src/skinstore/Handler/PorjectHandler.go:18 strconv.Atoi: parsing "": invalid syntax
2018/05/12 11:34:09 ERROR D:/go/gopath/src/skinstore/Handler/PorjectHandler.go:24 strconv.Atoi: parsing "": invalid syntax
2018/05/12 11:39:06 ERROR D:/go/gopath/src/skinstore/Handler/PorjectHandler.go:18 strconv.Atoi: parsing "": invalid syntax
2018/05/12 11:39:06 ERROR D:/go/gopath/src/skinstore/Handler/PorjectHandler.go:24 strconv.Atoi: parsing "": invalid syntax
2018/05/12 12:26:04 ERROR D:/go/gopath/src/skinstore/Handler/ReservationHandler.go:37 strconv.Atoi: parsing "": invalid syntax
2018/05/12 12:26:04 ERROR D:/go/gopath/src/skinstore/Handler/ReservationHandler.go:43 strconv.Atoi: parsing "": invalid syntax
2018/05/12 12:28:15 ERROR D:/go/gopath/src/skinstore/Handler/ReservationHandler.go:37 strconv.Atoi: parsing "": invalid syntax
2018/05/12 12:28:15 ERROR D:/go/gopath/src/skinstore/Handler/ReservationHandler.go:43 strconv.Atoi: parsing "": invalid syntax
2018/05/12 12:28:26 ERROR D:/go/gopath/src/skinstore/Handler/ReservationHandler.go:55 strconv.Atoi: parsing "": invalid syntax
2018/05/12 12:28:26 ERROR D:/go/gopath/src/skinstore/Handler/ReservationHandler.go:61 strconv.Atoi: parsing "": invalid syntax
2018/05/12 14:51:20 ERROR D:/go/gopath/src/skinstore/Handler/ReservationHandler.go:55 strconv.Atoi: parsing "": invalid syntax
2018/05/12 14:51:32 ERROR D:/go/gopath/src/skinstore/Handler/ReservationHandler.go:61 strconv.Atoi: parsing "": invalid syntax
2018/05/12 14:52:07 ERROR D:/go/gopath/src/skinstore/Handler/ReservationHandler.go:55 strconv.Atoi: parsing "": invalid syntax
2018/05/12 14:52:07 ERROR D:/go/gopath/src/skinstore/Handler/ReservationHandler.go:61 strconv.Atoi: parsing "": invalid syntax
2018/05/12 15:10:12 ERROR D:/go/gopath/src/skinstore/Handler/ReservationHandler.go:56 strconv.Atoi: parsing "": invalid syntax
2018/05/12 15:10:12 ERROR D:/go/gopath/src/skinstore/Handler/ReservationHandler.go:62 strconv.Atoi: parsing "": invalid syntax
2018/05/12 15:58:56 ERROR D:/go/gopath/src/skinstore/Handler/ReservationHandler.go:38 strconv.Atoi: parsing "": invalid syntax
2018/05/12 15:58:56 ERROR D:/go/gopath/src/skinstore/Handler/ReservationHandler.go:44 strconv.Atoi: parsing "": invalid syntax
2018/05/12 16:05:30 ERROR D:/go/gopath/src/skinstore/Handler/ReservationHandler.go:38 strconv.Atoi: parsing "": invalid syntax
2018/05/12 16:05:30 ERROR D:/go/gopath/src/skinstore/Handler/ReservationHandler.go:44 strconv.Atoi: parsing "": invalid syntax
2018/05/12 16:07:46 ERROR D:/go/gopath/src/skinstore/Handler/ReservationHandler.go:38 strconv.Atoi: parsing "": invalid syntax
2018/05/12 16:07:46 ERROR D:/go/gopath/src/skinstore/Handler/ReservationHandler.go:44 strconv.Atoi: parsing "": invalid syntax
2018/05/12 16:18:39 ERROR D:/go/gopath/src/skinstore/Handler/ReservationHandler.go:38 strconv.Atoi: parsing "": invalid syntax
2018/05/12 16:18:39 ERROR D:/go/gopath/src/skinstore/Handler/ReservationHandler.go:44 strconv.Atoi: parsing "": invalid syntax
2018/05/12 16:53:40 ERROR D:/go/gopath/src/skinstore/Handler/ReservationHandler.go:38 strconv.Atoi: parsing "": invalid syntax
2018/05/12 16:53:40 ERROR D:/go/gopath/src/skinstore/Handler/ReservationHandler.go:44 strconv.Atoi: parsing "": invalid syntax
2018/05/12 16:53:57 ERROR D:/go/gopath/src/skinstore/Handler/ReservationHandler.go:38 strconv.Atoi: parsing "": invalid syntax
2018/05/12 16:53:57 ERROR D:/go/gopath/src/skinstore/Handler/ReservationHandler.go:44 strconv.Atoi: parsing "": invalid syntax
2018/05/12 17:14:09 ERROR D:/go/gopath/src/skinstore/Handler/ReservationHandler.go:38 strconv.Atoi: parsing "": invalid syntax
2018/05/12 17:14:09 ERROR D:/go/gopath/src/skinstore/Handler/ReservationHandler.go:44 strconv.Atoi: parsing "": invalid syntax
2018/05/12 17:15:32 ERROR D:/go/gopath/src/skinstore/Handler/ReservationHandler.go:38 strconv.Atoi: parsing "": invalid syntax
2018/05/12 17:15:32 ERROR D:/go/gopath/src/skinstore/Handler/ReservationHandler.go:44 strconv.Atoi: parsing "": invalid syntax
2018/05/12 17:15:47 ERROR D:/go/gopath/src/skinstore/Handler/ReservationHandler.go:38 strconv.Atoi: parsing "": invalid syntax
2018/05/12 17:15:47 ERROR D:/go/gopath/src/skinstore/Handler/ReservationHandler.go:44 strconv.Atoi: parsing "": invalid syntax
2018/05/12 17:16:05 ERROR D:/go/gopath/src/skinstore/Handler/ReservationHandler.go:38 strconv.Atoi: parsing "": invalid syntax
2018/05/12 17:16:05 ERROR D:/go/gopath/src/skinstore/Handler/ReservationHandler.go:44 strconv.Atoi: parsing "": invalid syntax
2018/05/12 17:18:12 ERROR D:/go/gopath/src/skinstore/Handler/ReservationHandler.go:38 strconv.Atoi: parsing "": invalid syntax
2018/05/12 17:18:12 ERROR D:/go/gopath/src/skinstore/Handler/ReservationHandler.go:44 strconv.Atoi: parsing "": invalid syntax
2018/05/13 13:37:54 INFO D:/go/gopath/src/skinstore/Handler/MessageHandler.go:25 type:text  content:你们没有
2018/05/13 13:38:13 INFO D:/go/gopath/src/skinstore/Handler/MessageHandler.go:25 type:image  content:
2018/05/13 13:38:40 INFO D:/go/gopath/src/skinstore/Handler/MessageHandler.go:25 type:text  content:好消息
